<?xml version="1.0" encoding="UTF-8"?>
<!-- Generated by org.testng.reporters.JUnitReportReporter -->
<testsuite hostname="celinas-MacBook-Pro.local" failures="0" tests="9" name="ProgressiveTest.GetQuoteByAutoTest" time="10862.469" errors="1" timestamp="2020-03-15T23:18:29 CDT" skipped="8">
  <testcase classname="ProgressiveTest.GetQuoteByAutoTest" name="homePage" time="0.000">
    <skipped/>
  </testcase> <!-- homePage -->
  <system-out/>
  <testcase classname="ProgressiveTest.GetQuoteByAutoTest" name="setUpTest" time="10862.469">
    <error message="unknown error: unable to discover open pages
  (Driver info: chromedriver=80.0.3987.106 (f68069574609230cf9b635cd784cfb1bf81bb53a-refs/branch-heads/3987@{#882}),platform=Mac OS X 10.13.4 x86_64) (WARNING: The server did not provide any stacktrace information)
Command duration or timeout: 10861.61 seconds
Build info: version: &#039;2.45.0&#039;, revision: &#039;5017cb8e7ca8e37638dc3091b2440b90a1d8686f&#039;, time: &#039;2015-02-27 09:10:26&#039;
System info: host: &#039;celinas-MacBook-Pro.local&#039;, ip: &#039;fe80:0:0:0:82c:3d96:4185:61ba%12&#039;, os.name: &#039;Mac OS X&#039;, os.arch: &#039;x86_64&#039;, os.version: &#039;10.13.4&#039;, java.version: &#039;12.0.2&#039;
Driver info: org.openqa.selenium.chrome.ChromeDriver" type="org.openqa.selenium.WebDriverException">
      <![CDATA[org.openqa.selenium.WebDriverException: unknown error: unable to discover open pages
  (Driver info: chromedriver=80.0.3987.106 (f68069574609230cf9b635cd784cfb1bf81bb53a-refs/branch-heads/3987@{#882}),platform=Mac OS X 10.13.4 x86_64) (WARNING: The server did not provide any stacktrace information)
Command duration or timeout: 10861.61 seconds
Build info: version: '2.45.0', revision: '5017cb8e7ca8e37638dc3091b2440b90a1d8686f', time: '2015-02-27 09:10:26'
System info: host: 'celinas-MacBook-Pro.local', ip: 'fe80:0:0:0:82c:3d96:4185:61ba%12', os.name: 'Mac OS X', os.arch: 'x86_64', os.version: '10.13.4', java.version: '12.0.2'
Driver info: org.openqa.selenium.chrome.ChromeDriver
at java.base/jdk.internal.reflect.NativeConstructorAccessorImpl.newInstance0(Native Method)
at java.base/jdk.internal.reflect.NativeConstructorAccessorImpl.newInstance(NativeConstructorAccessorImpl.java:62)
at java.base/jdk.internal.reflect.DelegatingConstructorAccessorImpl.newInstance(DelegatingConstructorAccessorImpl.java:45)
at java.base/java.lang.reflect.Constructor.newInstanceWithCaller(Constructor.java:500)
at java.base/java.lang.reflect.Constructor.newInstance(Constructor.java:481)
at org.openqa.selenium.remote.ErrorHandler.createThrowable(ErrorHandler.java:204)
at org.openqa.selenium.remote.ErrorHandler.throwIfResponseFailed(ErrorHandler.java:156)
at org.openqa.selenium.remote.RemoteWebDriver.execute(RemoteWebDriver.java:599)
at org.openqa.selenium.remote.RemoteWebDriver.startSession(RemoteWebDriver.java:240)
at org.openqa.selenium.remote.RemoteWebDriver.<init>(RemoteWebDriver.java:126)
at org.openqa.selenium.remote.RemoteWebDriver.<init>(RemoteWebDriver.java:139)
at org.openqa.selenium.chrome.ChromeDriver.<init>(ChromeDriver.java:171)
at org.openqa.selenium.chrome.ChromeDriver.<init>(ChromeDriver.java:160)
at org.openqa.selenium.chrome.ChromeDriver.<init>(ChromeDriver.java:117)
at ProgressiveTest.GetQuoteByAutoTest.setUpTest(GetQuoteByAutoTest.java:35)
at java.base/jdk.internal.reflect.NativeMethodAccessorImpl.invoke0(Native Method)
at java.base/jdk.internal.reflect.NativeMethodAccessorImpl.invoke(NativeMethodAccessorImpl.java:62)
at java.base/jdk.internal.reflect.DelegatingMethodAccessorImpl.invoke(DelegatingMethodAccessorImpl.java:43)
at java.base/java.lang.reflect.Method.invoke(Method.java:567)
at org.testng.internal.MethodInvocationHelper.invokeMethod(MethodInvocationHelper.java:134)
at org.testng.internal.MethodInvocationHelper.invokeMethodConsideringTimeout(MethodInvocationHelper.java:63)
at org.testng.internal.ConfigInvoker.invokeConfigurationMethod(ConfigInvoker.java:348)
at org.testng.internal.ConfigInvoker.invokeConfigurations(ConfigInvoker.java:302)
at org.testng.TestRunner.invokeTestConfigurations(TestRunner.java:619)
at org.testng.TestRunner.beforeRun(TestRunner.java:609)
at org.testng.TestRunner.run(TestRunner.java:580)
at org.testng.SuiteRunner.runTest(SuiteRunner.java:384)
at org.testng.SuiteRunner.runSequentially(SuiteRunner.java:378)
at org.testng.SuiteRunner.privateRun(SuiteRunner.java:337)
at org.testng.SuiteRunner.run(SuiteRunner.java:286)
at org.testng.SuiteRunnerWorker.runSuite(SuiteRunnerWorker.java:53)
at org.testng.SuiteRunnerWorker.run(SuiteRunnerWorker.java:96)
at org.testng.TestNG.runSuitesSequentially(TestNG.java:1187)
at org.testng.TestNG.runSuitesLocally(TestNG.java:1109)
at org.testng.TestNG.runSuites(TestNG.java:1039)
at org.testng.TestNG.run(TestNG.java:1007)
at org.testng.remote.AbstractRemoteTestNG.run(AbstractRemoteTestNG.java:115)
at org.testng.remote.RemoteTestNG.initAndRun(RemoteTestNG.java:251)
at org.testng.remote.RemoteTestNG.main(RemoteTestNG.java:77)
]]>
    </error>
  </testcase> <!-- setUpTest -->
  <system-out/>
  <testcase classname="ProgressiveTest.GetQuoteByAutoTest" name="addressPageProgressive" time="0.000">
    <skipped/>
  </testcase> <!-- addressPageProgressive -->
  <system-out/>
  <testcase classname="ProgressiveTest.GetQuoteByAutoTest" name="PersonalInformation" time="0.000">
    <skipped/>
  </testcase> <!-- PersonalInformation -->
  <system-out/>
  <testcase classname="ProgressiveTest.GetQuoteByAutoTest" name="selectVehicleProgressive" time="0.000">
    <skipped/>
  </testcase> <!-- selectVehicleProgressive -->
  <system-out/>
  <testcase classname="ProgressiveTest.GetQuoteByAutoTest" name="DriverInformation" time="0.000">
    <skipped/>
  </testcase> <!-- DriverInformation -->
  <system-out/>
  <testcase classname="ProgressiveTest.GetQuoteByAutoTest" name="ConitnueFromAddDriversPage" time="0.000">
    <skipped/>
  </testcase> <!-- ConitnueFromAddDriversPage -->
  <system-out/>
  <testcase classname="ProgressiveTest.GetQuoteByAutoTest" name="fillPreviousInsuranceDetails" time="0.000">
    <skipped/>
  </testcase> <!-- fillPreviousInsuranceDetails -->
  <system-out/>
  <testcase classname="ProgressiveTest.GetQuoteByAutoTest" name="selectSnapShot" time="0.000">
    <skipped/>
  </testcase> <!-- selectSnapShot -->
  <system-out/>
</testsuite> <!-- ProgressiveTest.GetQuoteByAutoTest -->
