<?xml version="1.0" encoding="UTF-8"?>
<!-- Generated by org.testng.reporters.JUnitReportReporter -->
<testsuite hostname="celinas-MacBook-Pro.local" failures="0" tests="2" name="Extentreport.ExtentReportSimpleDemo" time="4.321" errors="0" timestamp="2020-03-10T20:34:38 CDT" skipped="0">
  <testcase classname="Extentreport.ExtentReportSimpleDemo" name="failPage" time="4.317"/>
  <system-out/>
  <testcase classname="Extentreport.ExtentReportSimpleDemo" name="GoogleHomePageTest" time="0.004"/>
  <system-out/>
</testsuite> <!-- Extentreport.ExtentReportSimpleDemo -->
